<?xml version="1.0" encoding="UTF-8"?>
<!-- Generated by org.testng.reporters.JUnitReportReporter -->
<testsuite skipped="0" hostname="DESKTOP-GK6BRNV" name="testcases.TC002_DeleteLead" tests="1" failures="0" timestamp="09 Jul 2020 13:08:26 GMT" time="26.046" errors="0">
  <testcase name="runCreateLead" time="26.046" classname="testcases.TC002_DeleteLead"/>
</testsuite> <!-- testcases.TC002_DeleteLead -->
